


 Top Level
==========================================================




 Top Level, Science
==========================================================
  -- Should we be doing MIRI imaging??	 (probably not)
  -- Should we be doing MIRI coronagraphy??  (probably not)
  -- To Do Parallels?? (probably not)


  -- MIRI offers the ability to obtain simultaneous imaging
     with the MIRI imager while obtaining MRS spectroscopy.  Choose:    YES/NO



 Feasability
==========================================================
  -- ETC
     Is is ~4700secs for SNR~50 or 4700secs x4 ?? :-/
     
  -- TVT
     First pass looks okay.
  
  -- APT
     

  -- **Triple** check (GTO) duplicates



 Financial
==========================================================
  -- Preliminary Budget
     https://jwst-docs.stsci.edu/display/JSP/JWST+DD+ERS+Proposal+Preparation#JWSTDDERSProposalPreparation-BudgetManagement
     But maybe only US folks?


 Misc
==========================================================


