## Surname	Forename	Email					Institutions/Affiliations
Alexander	David		d.m.alexander@durham.ac.uk		Durham University
Alexandroff	Rachael 	rmalexan@jhu.edu			Johns Hopkins university
Bielby		Richard		richard.bielby@durham.ac.uk		Durham University
Biller		Beth		bb@roe.ac.uk				University of Edinburgh
Brandt		W. Niel		wnbrandt@gmail.com			Pennsylvania State University	
Crain		Robert		r.a.crain@gmail.com			Liverpool John Moores University 
Fan		Xiaohui		fan@as.arizona.edu			Steward Observatory, University of Arizona
Hamann		Frederick	fhamann@ucr.edu 			UC, Riverside
Kocevski	Dale		dkocevsk@colby.edu			Colby College
Jiang		Linhua		jiangKIAA@pku.edu.cn 			Kavli Institute for Astronomy and Astrophysics, Peking University
LaMassa		Stephanie	slamassa@stsci.edu			STScI
MacLeod		Chelsea 	chelsea.macleod@cfa.harvard.edu		Harvard–Smithsonian Center for Astrophysics
McGreer		Ian		imcgreer@as.arizona.edu			Steward Observatory, University of Arizona
Menard		Brice		menard@jhu.edu				Johns Hopkins University
Mullaney	James 		j.mullaney@sheffield.ac.uk		University of Sheffield
Myers		Adam		geordiemyers@gmail.com			University of Wyoming
Runnoe		Jessie		runnoejc@umich.edu			University of Michigan
Schneider	Don		dps7@psu.edu				Pennsylvania State University
Shanks		Tom 		tom.shanks@durham.ac.uk			Durham University   
Stott		John		j.p.stott@lancaster.ac.uk		Lancaster University
Strauss		Michael		strauss@astro.princeton.edu		Princeton University
Smit		Renske 		renskesmit@gmail.com			University of Cambridge
Ward		Martin		martin.ward@durham.ac.uk		Durham University    
Wright		Gillian		gillian.wright@stfc.ac.uk		UK Astronomy Technology Centre; Institute for Astronomy, University of Edinburgh
Zakamsaka	Nadia		zakamska@jhu.edu			Johns Hopkins University
